<?xml version="1.0" encoding="UTF-8"?>
<!-- Generated by org.testng.reporters.JUnitReportReporter -->
<testsuite skipped="0" hostname="XIPL0425" name="com.qa.tests.PostApiTest" tests="1" failures="0" timestamp="15 Feb 2019 13:08:47 GMT" time="2.579" errors="0">
  <testcase name="postApiTest" time="2.579" classname="com.qa.tests.PostApiTest"/>
</testsuite> <!-- com.qa.tests.PostApiTest -->
