<?xml version="1.0" encoding="UTF-8"?>
<!-- Generated by org.testng.reporters.JUnitReportReporter -->
<testsuite skipped="0" hostname="XIPL0425" name="com.qa.tests.PutApiTest" tests="1" failures="0" timestamp="18 Feb 2019 09:05:47 GMT" time="1.524" errors="0">
  <testcase name="putApiTest" time="1.524" classname="com.qa.tests.PutApiTest"/>
</testsuite> <!-- com.qa.tests.PutApiTest -->
