<?xml version="1.0" encoding="UTF-8"?>
<!-- Generated by org.testng.reporters.JUnitReportReporter -->
<testsuite skipped="0" hostname="XIPL0425" name="com.qa.tests.PutApiTest" tests="1" failures="0" timestamp="15 Feb 2019 14:09:23 GMT" time="1.392" errors="0">
  <testcase name="putApiTest" time="1.392" classname="com.qa.tests.PutApiTest"/>
</testsuite> <!-- com.qa.tests.PutApiTest -->
