<?xml version="1.0" encoding="UTF-8"?>
<!-- Generated by org.testng.reporters.JUnitReportReporter -->
<testsuite skipped="0" hostname="XIPL0425" name="com.qa.tests.DeleteApiTest" tests="1" failures="0" timestamp="15 Feb 2019 14:33:27 GMT" time="1.186" errors="0">
  <testcase name="deleteApiTest" time="1.186" classname="com.qa.tests.DeleteApiTest"/>
</testsuite> <!-- com.qa.tests.DeleteApiTest -->
