<?xml version="1.0" encoding="UTF-8"?>
<!-- Generated by org.testng.reporters.JUnitReportReporter -->
<testsuite skipped="0" hostname="XIPL0425" name="com.qa.tests.GetApiTest" tests="1" failures="0" timestamp="15 Feb 2019 07:17:48 GMT" time="1.662" errors="0">
  <testcase name="getApiTest" time="1.662" classname="com.qa.tests.GetApiTest"/>
</testsuite> <!-- com.qa.tests.GetApiTest -->
